# JRE version: Java(TM) SE Runtime Environment (8.0_201-b09) (build 1.8.0_201-b09)
# Java VM: Java HotSpot(TM) 64-Bit Server VM (25.201-b09 mixed mode linux-amd64 compressed oops)
Heap:
 PSYoungGen      total 117248K, used 24052K [0x00000000ef980000, 0x00000000f8b00000, 0x0000000100000000)
  eden space 93184K, 0% used [0x00000000ef980000,0x00000000ef980000,0x00000000f5480000)
  from space 24064K, 99% used [0x00000000f7380000,0x00000000f8afd030,0x00000000f8b00000)
  to   space 21504K, 0% used [0x00000000f5480000,0x00000000f5480000,0x00000000f6980000)
 ParOldGen       total 59392K, used 24528K [0x00000000cec00000, 0x00000000d2600000, 0x00000000ef980000)
  object space 59392K, 41% used [0x00000000cec00000,0x00000000d03f4120,0x00000000d2600000)
 Metaspace       used 3650K, capacity 4534K, committed 4864K, reserved 1056768K
  class space    used 404K, capacity 426K, committed 512K, reserved 1048576K
GC Heap History (10 events):
Event: 0,907 GC heap after
Heap after GC invocations=4 (full 0):
 PSYoungGen      total 53248K, used 2033K [0x00000000ef980000, 0x00000000f2f80000, 0x0000000100000000)
  eden space 51200K, 0% used [0x00000000ef980000,0x00000000ef980000,0x00000000f2b80000)
  from space 2048K, 99% used [0x00000000f2d80000,0x00000000f2f7c538,0x00000000f2f80000)
  to   space 2048K, 0% used [0x00000000f2b80000,0x00000000f2b80000,0x00000000f2d80000)
 ParOldGen       total 34304K, used 10312K [0x00000000cec00000, 0x00000000d0d80000, 0x00000000ef980000)
  object space 34304K, 30% used [0x00000000cec00000,0x00000000cf612378,0x00000000d0d80000)
 Metaspace       used 3637K, capacity 4534K, committed 4864K, reserved 1056768K
  class space    used 404K, capacity 426K, committed 512K, reserved 1048576K
}
Event: 1,099 GC heap before
{Heap before GC invocations=5 (full 0):
 PSYoungGen      total 53248K, used 53233K [0x00000000ef980000, 0x00000000f2f80000, 0x0000000100000000)
  eden space 51200K, 100% used [0x00000000ef980000,0x00000000f2b80000,0x00000000f2b80000)
  from space 2048K, 99% used [0x00000000f2d80000,0x00000000f2f7c538,0x00000000f2f80000)
  to   space 2048K, 0% used [0x00000000f2b80000,0x00000000f2b80000,0x00000000f2d80000)
 ParOldGen       total 34304K, used 10312K [0x00000000cec00000, 0x00000000d0d80000, 0x00000000ef980000)
  object space 34304K, 30% used [0x00000000cec00000,0x00000000cf612378,0x00000000d0d80000)
 Metaspace       used 3649K, capacity 4534K, committed 4864K, reserved 1056768K
  class space    used 404K, capacity 426K, committed 512K, reserved 1048576K
Event: 1,151 GC heap after
Heap after GC invocations=5 (full 0):
 PSYoungGen      total 53248K, used 2019K [0x00000000ef980000, 0x00000000f8380000, 0x0000000100000000)
  eden space 51200K, 0% used [0x00000000ef980000,0x00000000ef980000,0x00000000f2b80000)
  from space 2048K, 98% used [0x00000000f2b80000,0x00000000f2d78cb8,0x00000000f2d80000)
  to   space 19456K, 0% used [0x00000000f7080000,0x00000000f7080000,0x00000000f8380000)
 ParOldGen       total 34304K, used 29432K [0x00000000cec00000, 0x00000000d0d80000, 0x00000000ef980000)
  object space 34304K, 85% used [0x00000000cec00000,0x00000000d08be320,0x00000000d0d80000)
 Metaspace       used 3649K, capacity 4534K, committed 4864K, reserved 1056768K
  class space    used 404K, capacity 426K, committed 512K, reserved 1048576K
}
Event: 1,151 GC heap before
{Heap before GC invocations=6 (full 1):
 PSYoungGen      total 53248K, used 2019K [0x00000000ef980000, 0x00000000f8380000, 0x0000000100000000)
  eden space 51200K, 0% used [0x00000000ef980000,0x00000000ef980000,0x00000000f2b80000)
  from space 2048K, 98% used [0x00000000f2b80000,0x00000000f2d78cb8,0x00000000f2d80000)
  to   space 19456K, 0% used [0x00000000f7080000,0x00000000f7080000,0x00000000f8380000)
 ParOldGen       total 34304K, used 29432K [0x00000000cec00000, 0x00000000d0d80000, 0x00000000ef980000)
  object space 34304K, 85% used [0x00000000cec00000,0x00000000d08be320,0x00000000d0d80000)
 Metaspace       used 3649K, capacity 4534K, committed 4864K, reserved 1056768K
  class space    used 404K, capacity 426K, committed 512K, reserved 1048576K
Event: 1,344 GC heap after
Heap after GC invocations=6 (full 1):
 PSYoungGen      total 53248K, used 0K [0x00000000ef980000, 0x00000000f8380000, 0x0000000100000000)
  eden space 51200K, 0% used [0x00000000ef980000,0x00000000ef980000,0x00000000f2b80000)
  from space 2048K, 0% used [0x00000000f2b80000,0x00000000f2b80000,0x00000000f2d80000)
  to   space 19456K, 0% used [0x00000000f7080000,0x00000000f7080000,0x00000000f8380000)
 ParOldGen       total 59392K, used 20968K [0x00000000cec00000, 0x00000000d2600000, 0x00000000ef980000)
  object space 59392K, 35% used [0x00000000cec00000,0x00000000d007a120,0x00000000d2600000)
 Metaspace       used 3649K, capacity 4534K, committed 4864K, reserved 1056768K
  class space    used 404K, capacity 426K, committed 512K, reserved 1048576K
}
Event: 1,606 GC heap before
{Heap before GC invocations=7 (full 1):
 PSYoungGen      total 53248K, used 51051K [0x00000000ef980000, 0x00000000f8380000, 0x0000000100000000)
  eden space 51200K, 99% used [0x00000000ef980000,0x00000000f2b5ac30,0x00000000f2b80000)
  from space 2048K, 0% used [0x00000000f2b80000,0x00000000f2b80000,0x00000000f2d80000)
  to   space 19456K, 0% used [0x00000000f7080000,0x00000000f7080000,0x00000000f8380000)
 ParOldGen       total 59392K, used 20968K [0x00000000cec00000, 0x00000000d2600000, 0x00000000ef980000)
  object space 59392K, 35% used [0x00000000cec00000,0x00000000d007a120,0x00000000d2600000)
 Metaspace       used 3649K, capacity 4534K, committed 4864K, reserved 1056768K
  class space    used 404K, capacity 426K, committed 512K, reserved 1048576K
Event: 1,627 GC heap after
Heap after GC invocations=7 (full 1):
 PSYoungGen      total 86016K, used 14206K [0x00000000ef980000, 0x00000000f7e80000, 0x0000000100000000)
  eden space 71680K, 0% used [0x00000000ef980000,0x00000000ef980000,0x00000000f3f80000)
  from space 14336K, 99% used [0x00000000f7080000,0x00000000f7e5fb00,0x00000000f7e80000)
  to   space 21504K, 0% used [0x00000000f5480000,0x00000000f5480000,0x00000000f6980000)
 ParOldGen       total 59392K, used 20968K [0x00000000cec00000, 0x00000000d2600000, 0x00000000ef980000)
  object space 59392K, 35% used [0x00000000cec00000,0x00000000d007a120,0x00000000d2600000)
 Metaspace       used 3649K, capacity 4534K, committed 4864K, reserved 1056768K
  class space    used 404K, capacity 426K, committed 512K, reserved 1048576K
}
Event: 1,924 GC heap before
{Heap before GC invocations=8 (full 1):
 PSYoungGen      total 86016K, used 85886K [0x00000000ef980000, 0x00000000f7e80000, 0x0000000100000000)
  eden space 71680K, 100% used [0x00000000ef980000,0x00000000f3f80000,0x00000000f3f80000)
  from space 14336K, 99% used [0x00000000f7080000,0x00000000f7e5fb00,0x00000000f7e80000)
  to   space 21504K, 0% used [0x00000000f5480000,0x00000000f5480000,0x00000000f6980000)
 ParOldGen       total 59392K, used 20968K [0x00000000cec00000, 0x00000000d2600000, 0x00000000ef980000)
  object space 59392K, 35% used [0x00000000cec00000,0x00000000d007a120,0x00000000d2600000)
 Metaspace       used 3650K, capacity 4534K, committed 4864K, reserved 1056768K
  class space    used 404K, capacity 426K, committed 512K, reserved 1048576K
Event: 1,960 GC heap after
Heap after GC invocations=8 (full 1):
 PSYoungGen      total 114688K, used 17728K [0x00000000ef980000, 0x00000000f8b00000, 0x0000000100000000)
  eden space 93184K, 0% used [0x00000000ef980000,0x00000000ef980000,0x00000000f5480000)
  from space 21504K, 82% used [0x00000000f5480000,0x00000000f65d0030,0x00000000f6980000)
  to   space 24064K, 0% used [0x00000000f7380000,0x00000000f7380000,0x00000000f8b00000)
 ParOldGen       total 59392K, used 20968K [0x00000000cec00000, 0x00000000d2600000, 0x00000000ef980000)
  object space 59392K, 35% used [0x00000000cec00000,0x00000000d007a120,0x00000000d2600000)
 Metaspace       used 3650K, capacity 4534K, committed 4864K, reserved 1056768K
  class space    used 404K, capacity 426K, committed 512K, reserved 1048576K
}
Event: 2,203 GC heap before
{Heap before GC invocations=9 (full 1):
 PSYoungGen      total 114688K, used 109888K [0x00000000ef980000, 0x00000000f8b00000, 0x0000000100000000)
  eden space 93184K, 98% used [0x00000000ef980000,0x00000000f5380268,0x00000000f5480000)
  from space 21504K, 82% used [0x00000000f5480000,0x00000000f65d0030,0x00000000f6980000)
  to   space 24064K, 0% used [0x00000000f7380000,0x00000000f7380000,0x00000000f8b00000)
 ParOldGen       total 59392K, used 20968K [0x00000000cec00000, 0x00000000d2600000, 0x00000000ef980000)
  object space 59392K, 35% used [0x00000000cec00000,0x00000000d007a120,0x00000000d2600000)
 Metaspace       used 3650K, capacity 4534K, committed 4864K, reserved 1056768K
  class space    used 404K, capacity 426K, committed 512K, reserved 1048576K

