# JRE version: Java(TM) SE Runtime Environment (8.0_201-b09) (build 1.8.0_201-b09)
# Java VM: Java HotSpot(TM) 64-Bit Server VM (25.201-b09 mixed mode linux-amd64 compressed oops)
Heap:
 PSYoungGen      total 212480K, used 0K [0x00000000ef980000, 0x0000000100000000, 0x0000000100000000)
  eden space 194560K, 0% used [0x00000000ef980000,0x00000000ef980000,0x00000000fb780000)
  from space 17920K, 0% used [0x00000000fb780000,0x00000000fb780000,0x00000000fc900000)
  to   space 30720K, 0% used [0x00000000fe200000,0x00000000fe200000,0x0000000100000000)
 ParOldGen       total 50688K, used 38706K [0x00000000cec00000, 0x00000000d1d80000, 0x00000000ef980000)
  object space 50688K, 76% used [0x00000000cec00000,0x00000000d11cc810,0x00000000d1d80000)
 Metaspace       used 2546K, capacity 4490K, committed 4864K, reserved 1056768K
  class space    used 267K, capacity 386K, committed 512K, reserved 1048576K
GC Heap History (10 events):
Event: 0,618 GC heap after
Heap after GC invocations=6 (full 0):
 PSYoungGen      total 110080K, used 8708K [0x00000000ef980000, 0x00000000f7280000, 0x0000000100000000)
  eden space 100864K, 0% used [0x00000000ef980000,0x00000000ef980000,0x00000000f5c00000)
  from space 9216K, 94% used [0x00000000f6680000,0x00000000f6f011f0,0x00000000f6f80000)
  to   space 10752K, 0% used [0x00000000f5c00000,0x00000000f5c00000,0x00000000f6680000)
 ParOldGen       total 34304K, used 16742K [0x00000000cec00000, 0x00000000d0d80000, 0x00000000ef980000)
  object space 34304K, 48% used [0x00000000cec00000,0x00000000cfc59af0,0x00000000d0d80000)
 Metaspace       used 2541K, capacity 4490K, committed 4864K, reserved 1056768K
  class space    used 267K, capacity 386K, committed 512K, reserved 1048576K
}
Event: 0,793 GC heap before
{Heap before GC invocations=7 (full 0):
 PSYoungGen      total 110080K, used 109235K [0x00000000ef980000, 0x00000000f7280000, 0x0000000100000000)
  eden space 100864K, 99% used [0x00000000ef980000,0x00000000f5baba78,0x00000000f5c00000)
  from space 9216K, 94% used [0x00000000f6680000,0x00000000f6f011f0,0x00000000f6f80000)
  to   space 10752K, 0% used [0x00000000f5c00000,0x00000000f5c00000,0x00000000f6680000)
 ParOldGen       total 34304K, used 16742K [0x00000000cec00000, 0x00000000d0d80000, 0x00000000ef980000)
  object space 34304K, 48% used [0x00000000cec00000,0x00000000cfc59af0,0x00000000d0d80000)
 Metaspace       used 2542K, capacity 4490K, committed 4864K, reserved 1056768K
  class space    used 267K, capacity 386K, committed 512K, reserved 1048576K
Event: 0,800 GC heap after
Heap after GC invocations=7 (full 0):
 PSYoungGen      total 111616K, used 6479K [0x00000000ef980000, 0x00000000fd380000, 0x0000000100000000)
  eden space 100864K, 0% used [0x00000000ef980000,0x00000000ef980000,0x00000000f5c00000)
  from space 10752K, 60% used [0x00000000f5c00000,0x00000000f6253e00,0x00000000f6680000)
  to   space 10752K, 0% used [0x00000000fc900000,0x00000000fc900000,0x00000000fd380000)
 ParOldGen       total 34304K, used 17065K [0x00000000cec00000, 0x00000000d0d80000, 0x00000000ef980000)
  object space 34304K, 49% used [0x00000000cec00000,0x00000000cfcaa4d0,0x00000000d0d80000)
 Metaspace       used 2542K, capacity 4490K, committed 4864K, reserved 1056768K
  class space    used 267K, capacity 386K, committed 512K, reserved 1048576K
}
Event: 0,944 GC heap before
{Heap before GC invocations=8 (full 0):
 PSYoungGen      total 111616K, used 107343K [0x00000000ef980000, 0x00000000fd380000, 0x0000000100000000)
  eden space 100864K, 100% used [0x00000000ef980000,0x00000000f5c00000,0x00000000f5c00000)
  from space 10752K, 60% used [0x00000000f5c00000,0x00000000f6253e00,0x00000000f6680000)
  to   space 10752K, 0% used [0x00000000fc900000,0x00000000fc900000,0x00000000fd380000)
 ParOldGen       total 34304K, used 17065K [0x00000000cec00000, 0x00000000d0d80000, 0x00000000ef980000)
  object space 34304K, 49% used [0x00000000cec00000,0x00000000cfcaa4d0,0x00000000d0d80000)
 Metaspace       used 2542K, capacity 4490K, committed 4864K, reserved 1056768K
  class space    used 267K, capacity 386K, committed 512K, reserved 1048576K
Event: 0,988 GC heap after
Heap after GC invocations=8 (full 0):
 PSYoungGen      total 205312K, used 10722K [0x00000000ef980000, 0x00000000fe180000, 0x0000000100000000)
  eden space 194560K, 0% used [0x00000000ef980000,0x00000000ef980000,0x00000000fb780000)
  from space 10752K, 99% used [0x00000000fc900000,0x00000000fd3789c8,0x00000000fd380000)
  to   space 17920K, 0% used [0x00000000fb780000,0x00000000fb780000,0x00000000fc900000)
 ParOldGen       total 34304K, used 29974K [0x00000000cec00000, 0x00000000d0d80000, 0x00000000ef980000)
  object space 34304K, 87% used [0x00000000cec00000,0x00000000d09458f0,0x00000000d0d80000)
 Metaspace       used 2542K, capacity 4490K, committed 4864K, reserved 1056768K
  class space    used 267K, capacity 386K, committed 512K, reserved 1048576K
}
Event: 0,988 GC heap before
{Heap before GC invocations=9 (full 1):
 PSYoungGen      total 205312K, used 10722K [0x00000000ef980000, 0x00000000fe180000, 0x0000000100000000)
  eden space 194560K, 0% used [0x00000000ef980000,0x00000000ef980000,0x00000000fb780000)
  from space 10752K, 99% used [0x00000000fc900000,0x00000000fd3789c8,0x00000000fd380000)
  to   space 17920K, 0% used [0x00000000fb780000,0x00000000fb780000,0x00000000fc900000)
 ParOldGen       total 34304K, used 29974K [0x00000000cec00000, 0x00000000d0d80000, 0x00000000ef980000)
  object space 34304K, 87% used [0x00000000cec00000,0x00000000d09458f0,0x00000000d0d80000)
 Metaspace       used 2542K, capacity 4490K, committed 4864K, reserved 1056768K
  class space    used 267K, capacity 386K, committed 512K, reserved 1048576K
Event: 1,086 GC heap after
Heap after GC invocations=9 (full 1):
 PSYoungGen      total 205312K, used 0K [0x00000000ef980000, 0x00000000fe180000, 0x0000000100000000)
  eden space 194560K, 0% used [0x00000000ef980000,0x00000000ef980000,0x00000000fb780000)
  from space 10752K, 0% used [0x00000000fc900000,0x00000000fc900000,0x00000000fd380000)
  to   space 17920K, 0% used [0x00000000fb780000,0x00000000fb780000,0x00000000fc900000)
 ParOldGen       total 50688K, used 21973K [0x00000000cec00000, 0x00000000d1d80000, 0x00000000ef980000)
  object space 50688K, 43% used [0x00000000cec00000,0x00000000d0175510,0x00000000d1d80000)
 Metaspace       used 2542K, capacity 4490K, committed 4864K, reserved 1056768K
  class space    used 267K, capacity 386K, committed 512K, reserved 1048576K
}
Event: 1,507 GC heap before
{Heap before GC invocations=10 (full 1):
 PSYoungGen      total 205312K, used 194560K [0x00000000ef980000, 0x00000000fe180000, 0x0000000100000000)
  eden space 194560K, 100% used [0x00000000ef980000,0x00000000fb780000,0x00000000fb780000)
  from space 10752K, 0% used [0x00000000fc900000,0x00000000fc900000,0x00000000fd380000)
  to   space 17920K, 0% used [0x00000000fb780000,0x00000000fb780000,0x00000000fc900000)
 ParOldGen       total 50688K, used 21973K [0x00000000cec00000, 0x00000000d1d80000, 0x00000000ef980000)
  object space 50688K, 43% used [0x00000000cec00000,0x00000000d0175510,0x00000000d1d80000)
 Metaspace       used 2546K, capacity 4490K, committed 4864K, reserved 1056768K
  class space    used 267K, capacity 386K, committed 512K, reserved 1048576K
Event: 1,663 GC heap after
Heap after GC invocations=10 (full 1):
 PSYoungGen      total 212480K, used 17914K [0x00000000ef980000, 0x0000000100000000, 0x0000000100000000)
  eden space 194560K, 0% used [0x00000000ef980000,0x00000000ef980000,0x00000000fb780000)
  from space 17920K, 99% used [0x00000000fb780000,0x00000000fc8fe938,0x00000000fc900000)
  to   space 30720K, 0% used [0x00000000fe200000,0x00000000fe200000,0x0000000100000000)
 ParOldGen       total 50688K, used 46121K [0x00000000cec00000, 0x00000000d1d80000, 0x00000000ef980000)
  object space 50688K, 90% used [0x00000000cec00000,0x00000000d190a7e8,0x00000000d1d80000)
 Metaspace       used 2546K, capacity 4490K, committed 4864K, reserved 1056768K
  class space    used 267K, capacity 386K, committed 512K, reserved 1048576K
}
Event: 1,676 GC heap before
{Heap before GC invocations=11 (full 2):
 PSYoungGen      total 212480K, used 17914K [0x00000000ef980000, 0x0000000100000000, 0x0000000100000000)
  eden space 194560K, 0% used [0x00000000ef980000,0x00000000ef980000,0x00000000fb780000)
  from space 17920K, 99% used [0x00000000fb780000,0x00000000fc8fe938,0x00000000fc900000)
  to   space 30720K, 0% used [0x00000000fe200000,0x00000000fe200000,0x0000000100000000)
 ParOldGen       total 50688K, used 46121K [0x00000000cec00000, 0x00000000d1d80000, 0x00000000ef980000)
  object space 50688K, 90% used [0x00000000cec00000,0x00000000d190a7e8,0x00000000d1d80000)
 Metaspace       used 2546K, capacity 4490K, committed 4864K, reserved 1056768K
  class space    used 267K, capacity 386K, committed 512K, reserved 1048576K

