# JRE version: Java(TM) SE Runtime Environment (8.0_201-b09) (build 1.8.0_201-b09)
# Java VM: Java HotSpot(TM) 64-Bit Server VM (25.201-b09 mixed mode linux-amd64 compressed oops)
Heap:
 PSYoungGen      total 117248K, used 24052K [0x00000000ef980000, 0x00000000f8b00000, 0x0000000100000000)
  eden space 93184K, 0% used [0x00000000ef980000,0x00000000ef980000,0x00000000f5480000)
  from space 24064K, 99% used [0x00000000f7380000,0x00000000f8afd030,0x00000000f8b00000)
  to   space 21504K, 0% used [0x00000000f5480000,0x00000000f5480000,0x00000000f6980000)
 ParOldGen       total 59392K, used 24528K [0x00000000cec00000, 0x00000000d2600000, 0x00000000ef980000)
  object space 59392K, 41% used [0x00000000cec00000,0x00000000d03f4120,0x00000000d2600000)
 Metaspace       used 3652K, capacity 4534K, committed 4864K, reserved 1056768K
  class space    used 404K, capacity 426K, committed 512K, reserved 1048576K
GC Heap History (10 events):
Event: 0,927 GC heap after
Heap after GC invocations=4 (full 0):
 PSYoungGen      total 53248K, used 2033K [0x00000000ef980000, 0x00000000f2f80000, 0x0000000100000000)
  eden space 51200K, 0% used [0x00000000ef980000,0x00000000ef980000,0x00000000f2b80000)
  from space 2048K, 99% used [0x00000000f2d80000,0x00000000f2f7c538,0x00000000f2f80000)
  to   space 2048K, 0% used [0x00000000f2b80000,0x00000000f2b80000,0x00000000f2d80000)
 ParOldGen       total 34304K, used 10448K [0x00000000cec00000, 0x00000000d0d80000, 0x00000000ef980000)
  object space 34304K, 30% used [0x00000000cec00000,0x00000000cf634378,0x00000000d0d80000)
 Metaspace       used 3644K, capacity 4534K, committed 4864K, reserved 1056768K
  class space    used 404K, capacity 426K, committed 512K, reserved 1048576K
}
Event: 1,120 GC heap before
{Heap before GC invocations=5 (full 0):
 PSYoungGen      total 53248K, used 53233K [0x00000000ef980000, 0x00000000f2f80000, 0x0000000100000000)
  eden space 51200K, 100% used [0x00000000ef980000,0x00000000f2b80000,0x00000000f2b80000)
  from space 2048K, 99% used [0x00000000f2d80000,0x00000000f2f7c538,0x00000000f2f80000)
  to   space 2048K, 0% used [0x00000000f2b80000,0x00000000f2b80000,0x00000000f2d80000)
 ParOldGen       total 34304K, used 10448K [0x00000000cec00000, 0x00000000d0d80000, 0x00000000ef980000)
  object space 34304K, 30% used [0x00000000cec00000,0x00000000cf634378,0x00000000d0d80000)
 Metaspace       used 3651K, capacity 4534K, committed 4864K, reserved 1056768K
  class space    used 404K, capacity 426K, committed 512K, reserved 1048576K
Event: 1,168 GC heap after
Heap after GC invocations=5 (full 0):
 PSYoungGen      total 53248K, used 2034K [0x00000000ef980000, 0x00000000f8380000, 0x0000000100000000)
  eden space 51200K, 0% used [0x00000000ef980000,0x00000000ef980000,0x00000000f2b80000)
  from space 2048K, 99% used [0x00000000f2b80000,0x00000000f2d7c8a0,0x00000000f2d80000)
  to   space 19456K, 0% used [0x00000000f7080000,0x00000000f7080000,0x00000000f8380000)
 ParOldGen       total 34304K, used 29697K [0x00000000cec00000, 0x00000000d0d80000, 0x00000000ef980000)
  object space 34304K, 86% used [0x00000000cec00000,0x00000000d0900728,0x00000000d0d80000)
 Metaspace       used 3651K, capacity 4534K, committed 4864K, reserved 1056768K
  class space    used 404K, capacity 426K, committed 512K, reserved 1048576K
}
Event: 1,168 GC heap before
{Heap before GC invocations=6 (full 1):
 PSYoungGen      total 53248K, used 2034K [0x00000000ef980000, 0x00000000f8380000, 0x0000000100000000)
  eden space 51200K, 0% used [0x00000000ef980000,0x00000000ef980000,0x00000000f2b80000)
  from space 2048K, 99% used [0x00000000f2b80000,0x00000000f2d7c8a0,0x00000000f2d80000)
  to   space 19456K, 0% used [0x00000000f7080000,0x00000000f7080000,0x00000000f8380000)
 ParOldGen       total 34304K, used 29697K [0x00000000cec00000, 0x00000000d0d80000, 0x00000000ef980000)
  object space 34304K, 86% used [0x00000000cec00000,0x00000000d0900728,0x00000000d0d80000)
 Metaspace       used 3651K, capacity 4534K, committed 4864K, reserved 1056768K
  class space    used 404K, capacity 426K, committed 512K, reserved 1048576K
Event: 1,361 GC heap after
Heap after GC invocations=6 (full 1):
 PSYoungGen      total 53248K, used 0K [0x00000000ef980000, 0x00000000f8380000, 0x0000000100000000)
  eden space 51200K, 0% used [0x00000000ef980000,0x00000000ef980000,0x00000000f2b80000)
  from space 2048K, 0% used [0x00000000f2b80000,0x00000000f2b80000,0x00000000f2d80000)
  to   space 19456K, 0% used [0x00000000f7080000,0x00000000f7080000,0x00000000f8380000)
 ParOldGen       total 59392K, used 20968K [0x00000000cec00000, 0x00000000d2600000, 0x00000000ef980000)
  object space 59392K, 35% used [0x00000000cec00000,0x00000000d007a120,0x00000000d2600000)
 Metaspace       used 3651K, capacity 4534K, committed 4864K, reserved 1056768K
  class space    used 404K, capacity 426K, committed 512K, reserved 1048576K
}
Event: 1,629 GC heap before
{Heap before GC invocations=7 (full 1):
 PSYoungGen      total 53248K, used 51051K [0x00000000ef980000, 0x00000000f8380000, 0x0000000100000000)
  eden space 51200K, 99% used [0x00000000ef980000,0x00000000f2b5acf8,0x00000000f2b80000)
  from space 2048K, 0% used [0x00000000f2b80000,0x00000000f2b80000,0x00000000f2d80000)
  to   space 19456K, 0% used [0x00000000f7080000,0x00000000f7080000,0x00000000f8380000)
 ParOldGen       total 59392K, used 20968K [0x00000000cec00000, 0x00000000d2600000, 0x00000000ef980000)
  object space 59392K, 35% used [0x00000000cec00000,0x00000000d007a120,0x00000000d2600000)
 Metaspace       used 3652K, capacity 4534K, committed 4864K, reserved 1056768K
  class space    used 404K, capacity 426K, committed 512K, reserved 1048576K
Event: 1,650 GC heap after
Heap after GC invocations=7 (full 1):
 PSYoungGen      total 86016K, used 14206K [0x00000000ef980000, 0x00000000f7e80000, 0x0000000100000000)
  eden space 71680K, 0% used [0x00000000ef980000,0x00000000ef980000,0x00000000f3f80000)
  from space 14336K, 99% used [0x00000000f7080000,0x00000000f7e5fb00,0x00000000f7e80000)
  to   space 21504K, 0% used [0x00000000f5480000,0x00000000f5480000,0x00000000f6980000)
 ParOldGen       total 59392K, used 20968K [0x00000000cec00000, 0x00000000d2600000, 0x00000000ef980000)
  object space 59392K, 35% used [0x00000000cec00000,0x00000000d007a120,0x00000000d2600000)
 Metaspace       used 3652K, capacity 4534K, committed 4864K, reserved 1056768K
  class space    used 404K, capacity 426K, committed 512K, reserved 1048576K
}
Event: 1,945 GC heap before
{Heap before GC invocations=8 (full 1):
 PSYoungGen      total 86016K, used 85886K [0x00000000ef980000, 0x00000000f7e80000, 0x0000000100000000)
  eden space 71680K, 100% used [0x00000000ef980000,0x00000000f3f80000,0x00000000f3f80000)
  from space 14336K, 99% used [0x00000000f7080000,0x00000000f7e5fb00,0x00000000f7e80000)
  to   space 21504K, 0% used [0x00000000f5480000,0x00000000f5480000,0x00000000f6980000)
 ParOldGen       total 59392K, used 20968K [0x00000000cec00000, 0x00000000d2600000, 0x00000000ef980000)
  object space 59392K, 35% used [0x00000000cec00000,0x00000000d007a120,0x00000000d2600000)
 Metaspace       used 3652K, capacity 4534K, committed 4864K, reserved 1056768K
  class space    used 404K, capacity 426K, committed 512K, reserved 1048576K
Event: 1,978 GC heap after
Heap after GC invocations=8 (full 1):
 PSYoungGen      total 114688K, used 17760K [0x00000000ef980000, 0x00000000f8b00000, 0x0000000100000000)
  eden space 93184K, 0% used [0x00000000ef980000,0x00000000ef980000,0x00000000f5480000)
  from space 21504K, 82% used [0x00000000f5480000,0x00000000f65d8030,0x00000000f6980000)
  to   space 24064K, 0% used [0x00000000f7380000,0x00000000f7380000,0x00000000f8b00000)
 ParOldGen       total 59392K, used 20968K [0x00000000cec00000, 0x00000000d2600000, 0x00000000ef980000)
  object space 59392K, 35% used [0x00000000cec00000,0x00000000d007a120,0x00000000d2600000)
 Metaspace       used 3652K, capacity 4534K, committed 4864K, reserved 1056768K
  class space    used 404K, capacity 426K, committed 512K, reserved 1048576K
}
Event: 2,301 GC heap before
{Heap before GC invocations=9 (full 1):
 PSYoungGen      total 114688K, used 109920K [0x00000000ef980000, 0x00000000f8b00000, 0x0000000100000000)
  eden space 93184K, 98% used [0x00000000ef980000,0x00000000f5380268,0x00000000f5480000)
  from space 21504K, 82% used [0x00000000f5480000,0x00000000f65d8030,0x00000000f6980000)
  to   space 24064K, 0% used [0x00000000f7380000,0x00000000f7380000,0x00000000f8b00000)
 ParOldGen       total 59392K, used 20968K [0x00000000cec00000, 0x00000000d2600000, 0x00000000ef980000)
  object space 59392K, 35% used [0x00000000cec00000,0x00000000d007a120,0x00000000d2600000)
 Metaspace       used 3652K, capacity 4534K, committed 4864K, reserved 1056768K
  class space    used 404K, capacity 426K, committed 512K, reserved 1048576K

