# JRE version: Java(TM) SE Runtime Environment (8.0_201-b09) (build 1.8.0_201-b09)
# Java VM: Java HotSpot(TM) 64-Bit Server VM (25.201-b09 mixed mode linux-amd64 compressed oops)
Heap:
 PSYoungGen      total 118272K, used 24575K [0x00000000ef980000, 0x00000000f8b00000, 0x0000000100000000)
  eden space 93696K, 0% used [0x00000000ef980000,0x00000000ef980000,0x00000000f5500000)
  from space 24576K, 99% used [0x00000000f7300000,0x00000000f8affe78,0x00000000f8b00000)
  to   space 21504K, 0% used [0x00000000f5500000,0x00000000f5500000,0x00000000f6a00000)
 ParOldGen       total 59392K, used 24666K [0x00000000cec00000, 0x00000000d2600000, 0x00000000ef980000)
  object space 59392K, 41% used [0x00000000cec00000,0x00000000d04169c0,0x00000000d2600000)
 Metaspace       used 3650K, capacity 4534K, committed 4864K, reserved 1056768K
  class space    used 404K, capacity 426K, committed 512K, reserved 1048576K
GC Heap History (10 events):
Event: 0,805 GC heap after
Heap after GC invocations=4 (full 0):
 PSYoungGen      total 53248K, used 2033K [0x00000000ef980000, 0x00000000f2f80000, 0x0000000100000000)
  eden space 51200K, 0% used [0x00000000ef980000,0x00000000ef980000,0x00000000f2b80000)
  from space 2048K, 99% used [0x00000000f2d80000,0x00000000f2f7c538,0x00000000f2f80000)
  to   space 2048K, 0% used [0x00000000f2b80000,0x00000000f2b80000,0x00000000f2d80000)
 ParOldGen       total 34304K, used 9931K [0x00000000cec00000, 0x00000000d0d80000, 0x00000000ef980000)
  object space 34304K, 28% used [0x00000000cec00000,0x00000000cf5b2fb0,0x00000000d0d80000)
 Metaspace       used 3644K, capacity 4534K, committed 4864K, reserved 1056768K
  class space    used 404K, capacity 426K, committed 512K, reserved 1048576K
}
Event: 0,974 GC heap before
{Heap before GC invocations=5 (full 0):
 PSYoungGen      total 53248K, used 53233K [0x00000000ef980000, 0x00000000f2f80000, 0x0000000100000000)
  eden space 51200K, 100% used [0x00000000ef980000,0x00000000f2b80000,0x00000000f2b80000)
  from space 2048K, 99% used [0x00000000f2d80000,0x00000000f2f7c538,0x00000000f2f80000)
  to   space 2048K, 0% used [0x00000000f2b80000,0x00000000f2b80000,0x00000000f2d80000)
 ParOldGen       total 34304K, used 9931K [0x00000000cec00000, 0x00000000d0d80000, 0x00000000ef980000)
  object space 34304K, 28% used [0x00000000cec00000,0x00000000cf5b2fb0,0x00000000d0d80000)
 Metaspace       used 3650K, capacity 4534K, committed 4864K, reserved 1056768K
  class space    used 404K, capacity 426K, committed 512K, reserved 1048576K
Event: 1,032 GC heap after
Heap after GC invocations=5 (full 0):
 PSYoungGen      total 53248K, used 2018K [0x00000000ef980000, 0x00000000f8380000, 0x0000000100000000)
  eden space 51200K, 0% used [0x00000000ef980000,0x00000000ef980000,0x00000000f2b80000)
  from space 2048K, 98% used [0x00000000f2b80000,0x00000000f2d78950,0x00000000f2d80000)
  to   space 19456K, 0% used [0x00000000f7080000,0x00000000f7080000,0x00000000f8380000)
 ParOldGen       total 34304K, used 29213K [0x00000000cec00000, 0x00000000d0d80000, 0x00000000ef980000)
  object space 34304K, 85% used [0x00000000cec00000,0x00000000d0887460,0x00000000d0d80000)
 Metaspace       used 3650K, capacity 4534K, committed 4864K, reserved 1056768K
  class space    used 404K, capacity 426K, committed 512K, reserved 1048576K
}
Event: 1,033 GC heap before
{Heap before GC invocations=6 (full 1):
 PSYoungGen      total 53248K, used 2018K [0x00000000ef980000, 0x00000000f8380000, 0x0000000100000000)
  eden space 51200K, 0% used [0x00000000ef980000,0x00000000ef980000,0x00000000f2b80000)
  from space 2048K, 98% used [0x00000000f2b80000,0x00000000f2d78950,0x00000000f2d80000)
  to   space 19456K, 0% used [0x00000000f7080000,0x00000000f7080000,0x00000000f8380000)
 ParOldGen       total 34304K, used 29213K [0x00000000cec00000, 0x00000000d0d80000, 0x00000000ef980000)
  object space 34304K, 85% used [0x00000000cec00000,0x00000000d0887460,0x00000000d0d80000)
 Metaspace       used 3650K, capacity 4534K, committed 4864K, reserved 1056768K
  class space    used 404K, capacity 426K, committed 512K, reserved 1048576K
Event: 1,250 GC heap after
Heap after GC invocations=6 (full 1):
 PSYoungGen      total 53248K, used 0K [0x00000000ef980000, 0x00000000f8380000, 0x0000000100000000)
  eden space 51200K, 0% used [0x00000000ef980000,0x00000000ef980000,0x00000000f2b80000)
  from space 2048K, 0% used [0x00000000f2b80000,0x00000000f2b80000,0x00000000f2d80000)
  to   space 19456K, 0% used [0x00000000f7080000,0x00000000f7080000,0x00000000f8380000)
 ParOldGen       total 59392K, used 21266K [0x00000000cec00000, 0x00000000d2600000, 0x00000000ef980000)
  object space 59392K, 35% used [0x00000000cec00000,0x00000000d00c49c0,0x00000000d2600000)
 Metaspace       used 3650K, capacity 4534K, committed 4864K, reserved 1056768K
  class space    used 404K, capacity 426K, committed 512K, reserved 1048576K
}
Event: 1,507 GC heap before
{Heap before GC invocations=7 (full 1):
 PSYoungGen      total 53248K, used 51200K [0x00000000ef980000, 0x00000000f8380000, 0x0000000100000000)
  eden space 51200K, 100% used [0x00000000ef980000,0x00000000f2b80000,0x00000000f2b80000)
  from space 2048K, 0% used [0x00000000f2b80000,0x00000000f2b80000,0x00000000f2d80000)
  to   space 19456K, 0% used [0x00000000f7080000,0x00000000f7080000,0x00000000f8380000)
 ParOldGen       total 59392K, used 21266K [0x00000000cec00000, 0x00000000d2600000, 0x00000000ef980000)
  object space 59392K, 35% used [0x00000000cec00000,0x00000000d00c49c0,0x00000000d2600000)
 Metaspace       used 3650K, capacity 4534K, committed 4864K, reserved 1056768K
  class space    used 404K, capacity 426K, committed 512K, reserved 1048576K
Event: 1,538 GC heap after
Heap after GC invocations=7 (full 1):
 PSYoungGen      total 86016K, used 14461K [0x00000000ef980000, 0x00000000f7f00000, 0x0000000100000000)
  eden space 71168K, 0% used [0x00000000ef980000,0x00000000ef980000,0x00000000f3f00000)
  from space 14848K, 97% used [0x00000000f7080000,0x00000000f7e9f798,0x00000000f7f00000)
  to   space 21504K, 0% used [0x00000000f5500000,0x00000000f5500000,0x00000000f6a00000)
 ParOldGen       total 59392K, used 21266K [0x00000000cec00000, 0x00000000d2600000, 0x00000000ef980000)
  object space 59392K, 35% used [0x00000000cec00000,0x00000000d00c49c0,0x00000000d2600000)
 Metaspace       used 3650K, capacity 4534K, committed 4864K, reserved 1056768K
  class space    used 404K, capacity 426K, committed 512K, reserved 1048576K
}
Event: 1,825 GC heap before
{Heap before GC invocations=8 (full 1):
 PSYoungGen      total 86016K, used 85629K [0x00000000ef980000, 0x00000000f7f00000, 0x0000000100000000)
  eden space 71168K, 100% used [0x00000000ef980000,0x00000000f3f00000,0x00000000f3f00000)
  from space 14848K, 97% used [0x00000000f7080000,0x00000000f7e9f798,0x00000000f7f00000)
  to   space 21504K, 0% used [0x00000000f5500000,0x00000000f5500000,0x00000000f6a00000)
 ParOldGen       total 59392K, used 21266K [0x00000000cec00000, 0x00000000d2600000, 0x00000000ef980000)
  object space 59392K, 35% used [0x00000000cec00000,0x00000000d00c49c0,0x00000000d2600000)
 Metaspace       used 3650K, capacity 4534K, committed 4864K, reserved 1056768K
  class space    used 404K, capacity 426K, committed 512K, reserved 1048576K
Event: 1,867 GC heap after
Heap after GC invocations=8 (full 1):
 PSYoungGen      total 115200K, used 17902K [0x00000000ef980000, 0x00000000f8b00000, 0x0000000100000000)
  eden space 93696K, 0% used [0x00000000ef980000,0x00000000ef980000,0x00000000f5500000)
  from space 21504K, 83% used [0x00000000f5500000,0x00000000f667bb18,0x00000000f6a00000)
  to   space 24576K, 0% used [0x00000000f7300000,0x00000000f7300000,0x00000000f8b00000)
 ParOldGen       total 59392K, used 21266K [0x00000000cec00000, 0x00000000d2600000, 0x00000000ef980000)
  object space 59392K, 35% used [0x00000000cec00000,0x00000000d00c49c0,0x00000000d2600000)
 Metaspace       used 3650K, capacity 4534K, committed 4864K, reserved 1056768K
  class space    used 404K, capacity 426K, committed 512K, reserved 1048576K
}
Event: 2,211 GC heap before
{Heap before GC invocations=9 (full 1):
 PSYoungGen      total 115200K, used 111598K [0x00000000ef980000, 0x00000000f8b00000, 0x0000000100000000)
  eden space 93696K, 100% used [0x00000000ef980000,0x00000000f5500000,0x00000000f5500000)
  from space 21504K, 83% used [0x00000000f5500000,0x00000000f667bb18,0x00000000f6a00000)
  to   space 24576K, 0% used [0x00000000f7300000,0x00000000f7300000,0x00000000f8b00000)
 ParOldGen       total 59392K, used 21266K [0x00000000cec00000, 0x00000000d2600000, 0x00000000ef980000)
  object space 59392K, 35% used [0x00000000cec00000,0x00000000d00c49c0,0x00000000d2600000)
 Metaspace       used 3650K, capacity 4534K, committed 4864K, reserved 1056768K
  class space    used 404K, capacity 426K, committed 512K, reserved 1048576K

