# JRE version: Java(TM) SE Runtime Environment (8.0_201-b09) (build 1.8.0_201-b09)
# Java VM: Java HotSpot(TM) 64-Bit Server VM (25.201-b09 mixed mode linux-amd64 compressed oops)
Heap:
 PSYoungGen      total 179200K, used 37361K [0x00000000ef980000, 0x0000000100000000, 0x0000000100000000)
  eden space 89600K, 0% used [0x00000000ef980000,0x00000000ef980000,0x00000000f5100000)
  from space 89600K, 41% used [0x00000000f5100000,0x00000000f757c538,0x00000000fa880000)
  to   space 89600K, 0% used [0x00000000fa880000,0x00000000fa880000,0x0000000100000000)
 ParOldGen       total 502784K, used 502669K [0x00000000cec00000, 0x00000000ed700000, 0x00000000ef980000)
  object space 502784K, 99% used [0x00000000cec00000,0x00000000ed6e3590,0x00000000ed700000)
 Metaspace       used 3602K, capacity 4534K, committed 4864K, reserved 1056768K
  class space    used 399K, capacity 426K, committed 512K, reserved 1048576K
GC Heap History (10 events):
Event: 53,827 GC heap after
Heap after GC invocations=44 (full 7):
 PSYoungGen      total 179200K, used 0K [0x00000000ef980000, 0x0000000100000000, 0x0000000100000000)
  eden space 89600K, 0% used [0x00000000ef980000,0x00000000ef980000,0x00000000f5100000)
  from space 89600K, 0% used [0x00000000f5100000,0x00000000f5100000,0x00000000fa880000)
  to   space 89600K, 0% used [0x00000000fa880000,0x00000000fa880000,0x0000000100000000)
 ParOldGen       total 502784K, used 224537K [0x00000000cec00000, 0x00000000ed700000, 0x00000000ef980000)
  object space 502784K, 44% used [0x00000000cec00000,0x00000000dc746448,0x00000000ed700000)
 Metaspace       used 3602K, capacity 4534K, committed 4864K, reserved 1056768K
  class space    used 399K, capacity 426K, committed 512K, reserved 1048576K
}
Event: 53,957 GC heap before
{Heap before GC invocations=45 (full 7):
 PSYoungGen      total 179200K, used 88845K [0x00000000ef980000, 0x0000000100000000, 0x0000000100000000)
  eden space 89600K, 99% used [0x00000000ef980000,0x00000000f5043438,0x00000000f5100000)
  from space 89600K, 0% used [0x00000000f5100000,0x00000000f5100000,0x00000000fa880000)
  to   space 89600K, 0% used [0x00000000fa880000,0x00000000fa880000,0x0000000100000000)
 ParOldGen       total 502784K, used 224537K [0x00000000cec00000, 0x00000000ed700000, 0x00000000ef980000)
  object space 502784K, 44% used [0x00000000cec00000,0x00000000dc746448,0x00000000ed700000)
 Metaspace       used 3602K, capacity 4534K, committed 4864K, reserved 1056768K
  class space    used 399K, capacity 426K, committed 512K, reserved 1048576K
Event: 54,006 GC heap after
Heap after GC invocations=45 (full 7):
 PSYoungGen      total 179200K, used 77869K [0x00000000ef980000, 0x0000000100000000, 0x0000000100000000)
  eden space 89600K, 0% used [0x00000000ef980000,0x00000000ef980000,0x00000000f5100000)
  from space 89600K, 86% used [0x00000000fa880000,0x00000000ff48b490,0x0000000100000000)
  to   space 89600K, 0% used [0x00000000f5100000,0x00000000f5100000,0x00000000fa880000)
 ParOldGen       total 502784K, used 224537K [0x00000000cec00000, 0x00000000ed700000, 0x00000000ef980000)
  object space 502784K, 44% used [0x00000000cec00000,0x00000000dc746448,0x00000000ed700000)
 Metaspace       used 3602K, capacity 4534K, committed 4864K, reserved 1056768K
  class space    used 399K, capacity 426K, committed 512K, reserved 1048576K
}
Event: 54,139 GC heap before
{Heap before GC invocations=46 (full 7):
 PSYoungGen      total 179200K, used 167366K [0x00000000ef980000, 0x0000000100000000, 0x0000000100000000)
  eden space 89600K, 99% used [0x00000000ef980000,0x00000000f50e6370,0x00000000f5100000)
  from space 89600K, 86% used [0x00000000fa880000,0x00000000ff48b490,0x0000000100000000)
  to   space 89600K, 0% used [0x00000000f5100000,0x00000000f5100000,0x00000000fa880000)
 ParOldGen       total 502784K, used 224537K [0x00000000cec00000, 0x00000000ed700000, 0x00000000ef980000)
  object space 502784K, 44% used [0x00000000cec00000,0x00000000dc746448,0x00000000ed700000)
 Metaspace       used 3602K, capacity 4534K, committed 4864K, reserved 1056768K
  class space    used 399K, capacity 426K, committed 512K, reserved 1048576K
Event: 54,232 GC heap after
Heap after GC invocations=46 (full 7):
 PSYoungGen      total 179200K, used 75948K [0x00000000ef980000, 0x0000000100000000, 0x0000000100000000)
  eden space 89600K, 0% used [0x00000000ef980000,0x00000000ef980000,0x00000000f5100000)
  from space 89600K, 84% used [0x00000000f5100000,0x00000000f9b2b370,0x00000000fa880000)
  to   space 89600K, 0% used [0x00000000fa880000,0x00000000fa880000,0x0000000100000000)
 ParOldGen       total 502784K, used 302350K [0x00000000cec00000, 0x00000000ed700000, 0x00000000ef980000)
  object space 502784K, 60% used [0x00000000cec00000,0x00000000e13438d8,0x00000000ed700000)
 Metaspace       used 3602K, capacity 4534K, committed 4864K, reserved 1056768K
  class space    used 399K, capacity 426K, committed 512K, reserved 1048576K
}
Event: 54,363 GC heap before
{Heap before GC invocations=47 (full 7):
 PSYoungGen      total 179200K, used 165121K [0x00000000ef980000, 0x0000000100000000, 0x0000000100000000)
  eden space 89600K, 99% used [0x00000000ef980000,0x00000000f5095450,0x00000000f5100000)
  from space 89600K, 84% used [0x00000000f5100000,0x00000000f9b2b370,0x00000000fa880000)
  to   space 89600K, 0% used [0x00000000fa880000,0x00000000fa880000,0x0000000100000000)
 ParOldGen       total 502784K, used 302350K [0x00000000cec00000, 0x00000000ed700000, 0x00000000ef980000)
  object space 502784K, 60% used [0x00000000cec00000,0x00000000e13438d8,0x00000000ed700000)
 Metaspace       used 3602K, capacity 4534K, committed 4864K, reserved 1056768K
  class space    used 399K, capacity 426K, committed 512K, reserved 1048576K
Event: 54,459 GC heap after
Heap after GC invocations=47 (full 7):
 PSYoungGen      total 179200K, used 79090K [0x00000000ef980000, 0x0000000100000000, 0x0000000100000000)
  eden space 89600K, 0% used [0x00000000ef980000,0x00000000ef980000,0x00000000f5100000)
  from space 89600K, 88% used [0x00000000fa880000,0x00000000ff5bc848,0x0000000100000000)
  to   space 89600K, 0% used [0x00000000f5100000,0x00000000f5100000,0x00000000fa880000)
 ParOldGen       total 502784K, used 378243K [0x00000000cec00000, 0x00000000ed700000, 0x00000000ef980000)
  object space 502784K, 75% used [0x00000000cec00000,0x00000000e5d60c48,0x00000000ed700000)
 Metaspace       used 3602K, capacity 4534K, committed 4864K, reserved 1056768K
  class space    used 399K, capacity 426K, committed 512K, reserved 1048576K
}
Event: 54,590 GC heap before
{Heap before GC invocations=48 (full 7):
 PSYoungGen      total 179200K, used 168584K [0x00000000ef980000, 0x0000000100000000, 0x0000000100000000)
  eden space 89600K, 99% used [0x00000000ef980000,0x00000000f50e5868,0x00000000f5100000)
  from space 89600K, 88% used [0x00000000fa880000,0x00000000ff5bc848,0x0000000100000000)
  to   space 89600K, 0% used [0x00000000f5100000,0x00000000f5100000,0x00000000fa880000)
 ParOldGen       total 502784K, used 378243K [0x00000000cec00000, 0x00000000ed700000, 0x00000000ef980000)
  object space 502784K, 75% used [0x00000000cec00000,0x00000000e5d60c48,0x00000000ed700000)
 Metaspace       used 3602K, capacity 4534K, committed 4864K, reserved 1056768K
  class space    used 399K, capacity 426K, committed 512K, reserved 1048576K
Event: 54,747 GC heap after
Heap after GC invocations=48 (full 7):
 PSYoungGen      total 179200K, used 82891K [0x00000000ef980000, 0x0000000100000000, 0x0000000100000000)
  eden space 89600K, 0% used [0x00000000ef980000,0x00000000ef980000,0x00000000f5100000)
  from space 89600K, 92% used [0x00000000f5100000,0x00000000fa1f2d18,0x00000000fa880000)
  to   space 89600K, 0% used [0x00000000fa880000,0x00000000fa880000,0x0000000100000000)
 ParOldGen       total 502784K, used 457285K [0x00000000cec00000, 0x00000000ed700000, 0x00000000ef980000)
  object space 502784K, 90% used [0x00000000cec00000,0x00000000eaa91490,0x00000000ed700000)
 Metaspace       used 3602K, capacity 4534K, committed 4864K, reserved 1056768K
  class space    used 399K, capacity 426K, committed 512K, reserved 1048576K
}
Event: 54,747 GC heap before
{Heap before GC invocations=49 (full 8):
 PSYoungGen      total 179200K, used 82891K [0x00000000ef980000, 0x0000000100000000, 0x0000000100000000)
  eden space 89600K, 0% used [0x00000000ef980000,0x00000000ef980000,0x00000000f5100000)
  from space 89600K, 92% used [0x00000000f5100000,0x00000000fa1f2d18,0x00000000fa880000)
  to   space 89600K, 0% used [0x00000000fa880000,0x00000000fa880000,0x0000000100000000)
 ParOldGen       total 502784K, used 457285K [0x00000000cec00000, 0x00000000ed700000, 0x00000000ef980000)
  object space 502784K, 90% used [0x00000000cec00000,0x00000000eaa91490,0x00000000ed700000)
 Metaspace       used 3602K, capacity 4534K, committed 4864K, reserved 1056768K
  class space    used 399K, capacity 426K, committed 512K, reserved 1048576K

